[debug] [2024-12-27T07:11:11.064Z] ----------------------------------------------------------------------
[debug] [2024-12-27T07:11:11.069Z] Command:       C:\Program Files\nodejs\node.exe C:\Users\HP\AppData\Roaming\npm\node_modules\firebase-tools\lib\bin\firebase.js emulators:start --only auth
[debug] [2024-12-27T07:11:11.070Z] CLI Version:   13.29.1
[debug] [2024-12-27T07:11:11.070Z] Platform:      win32
[debug] [2024-12-27T07:11:11.071Z] Node Version:  v20.11.1
[debug] [2024-12-27T07:11:11.071Z] Time:          Fri Dec 27 2024 08:11:11 GMT+0100 (West Africa Standard Time)
[debug] [2024-12-27T07:11:11.071Z] ----------------------------------------------------------------------
[debug] 
[debug] [2024-12-27T07:11:11.198Z] > command requires scopes: ["email","openid","https://www.googleapis.com/auth/cloudplatformprojects.readonly","https://www.googleapis.com/auth/firebase","https://www.googleapis.com/auth/cloud-platform"]
[debug] [2024-12-27T07:11:11.199Z] > authorizing via signed-in user (samuelolawumi65@gmail.com)
[info] i  emulators: Starting emulators: auth {"metadata":{"emulator":{"name":"hub"},"message":"Starting emulators: auth"}}
[debug] [2024-12-27T07:11:11.282Z] [logging] Logging Emulator only supports listening on one address (127.0.0.1). Not listening on ::1
[debug] [2024-12-27T07:11:11.282Z] [auth] Authentication Emulator only supports listening on one address (127.0.0.1). Not listening on ::1
[debug] [2024-12-27T07:11:11.283Z] assigned listening specs for emulators {"user":{"hub":[{"address":"127.0.0.1","family":"IPv4","port":4400},{"address":"::1","family":"IPv6","port":4400}],"ui":[{"address":"127.0.0.1","family":"IPv4","port":3003},{"address":"::1","family":"IPv6","port":3003}],"logging":[{"address":"127.0.0.1","family":"IPv4","port":4500}],"auth":[{"address":"127.0.0.1","family":"IPv4","port":9099}]},"metadata":{"message":"assigned listening specs for emulators"}}
[debug] [2024-12-27T07:11:11.292Z] [hub] writing locator at C:\Users\HP\AppData\Local\Temp\hub-kora-real-estate.json
[info] i  ui: downloading ui-v1.14.0.zip... {"metadata":{"emulator":{"name":"ui"},"message":"downloading ui-v1.14.0.zip..."}}
[debug] [2024-12-27T07:11:26.517Z] >>> [apiv2][query] GET https://storage.googleapis.com/firebase-preview-drop/emulator/ui-v1.14.0.zip 
[debug] [2024-12-27T07:11:27.356Z] <<< [apiv2][status] GET https://storage.googleapis.com/firebase-preview-drop/emulator/ui-v1.14.0.zip 200
[debug] [2024-12-27T07:11:27.356Z] <<< [apiv2][body] GET https://storage.googleapis.com/firebase-preview-drop/emulator/ui-v1.14.0.zip [stream]
[debug] [2024-12-27T07:11:38.421Z] Data is 3615311
[debug] [2024-12-27T07:11:38.423Z] [unzip] Entry: client/ (compressed_size=0 bytes, uncompressed_size=0 bytes)
[debug] [2024-12-27T07:11:38.423Z] [unzip] Processing entry: client\
[debug] [2024-12-27T07:11:38.423Z] [unzip] mkdir: C:\Users\HP\.cache\firebase\emulators\ui-v1.14.0\client\
[debug] [2024-12-27T07:11:38.425Z] [unzip] Entry: client/favicon-16x16.png (compressed_size=293 bytes, uncompressed_size=293 bytes)
[debug] [2024-12-27T07:11:38.425Z] [unzip] Processing entry: client\favicon-16x16.png
[debug] [2024-12-27T07:11:38.425Z] [unzip] else mkdir: C:\Users\HP\.cache\firebase\emulators\ui-v1.14.0\client
[debug] [2024-12-27T07:11:38.426Z] [unzip] Writing file: C:\Users\HP\.cache\firebase\emulators\ui-v1.14.0\client\favicon-16x16.png
[debug] [2024-12-27T07:11:38.429Z] [unzip] Entry: client/safari-pinned-tab.svg (compressed_size=1433 bytes, uncompressed_size=2611 bytes)
[debug] [2024-12-27T07:11:38.430Z] [unzip] Processing entry: client\safari-pinned-tab.svg
[debug] [2024-12-27T07:11:38.430Z] [unzip] else mkdir: C:\Users\HP\.cache\firebase\emulators\ui-v1.14.0\client
[debug] [2024-12-27T07:11:38.432Z] [unzip] deflating: C:\Users\HP\.cache\firebase\emulators\ui-v1.14.0\client\safari-pinned-tab.svg
[debug] [2024-12-27T07:11:38.456Z] [unzip] Entry: client/favicon.ico (compressed_size=2933 bytes, uncompressed_size=13294 bytes)
[debug] [2024-12-27T07:11:38.456Z] [unzip] Processing entry: client\favicon.ico
[debug] [2024-12-27T07:11:38.456Z] [unzip] else mkdir: C:\Users\HP\.cache\firebase\emulators\ui-v1.14.0\client
[debug] [2024-12-27T07:11:38.457Z] [unzip] deflating: C:\Users\HP\.cache\firebase\emulators\ui-v1.14.0\client\favicon.ico
[debug] [2024-12-27T07:11:38.464Z] [unzip] Entry: client/index.html (compressed_size=1363 bytes, uncompressed_size=3071 bytes)
[debug] [2024-12-27T07:11:38.466Z] [unzip] Processing entry: client\index.html
[debug] [2024-12-27T07:11:38.468Z] [unzip] else mkdir: C:\Users\HP\.cache\firebase\emulators\ui-v1.14.0\client
[debug] [2024-12-27T07:11:38.471Z] [unzip] deflating: C:\Users\HP\.cache\firebase\emulators\ui-v1.14.0\client\index.html
[debug] [2024-12-27T07:11:38.526Z] [unzip] Entry: client/android-chrome-192x192.png (compressed_size=2684 bytes, uncompressed_size=2684 bytes)
[debug] [2024-12-27T07:11:38.527Z] [unzip] Processing entry: client\android-chrome-192x192.png
[debug] [2024-12-27T07:11:38.528Z] [unzip] else mkdir: C:\Users\HP\.cache\firebase\emulators\ui-v1.14.0\client
[debug] [2024-12-27T07:11:38.537Z] [unzip] Writing file: C:\Users\HP\.cache\firebase\emulators\ui-v1.14.0\client\android-chrome-192x192.png
[debug] [2024-12-27T07:11:38.545Z] [unzip] Entry: client/apple-touch-icon.png (compressed_size=2123 bytes, uncompressed_size=2152 bytes)
[debug] [2024-12-27T07:11:38.551Z] [unzip] Processing entry: client\apple-touch-icon.png
[debug] [2024-12-27T07:11:38.553Z] [unzip] else mkdir: C:\Users\HP\.cache\firebase\emulators\ui-v1.14.0\client
[debug] [2024-12-27T07:11:38.558Z] [unzip] deflating: C:\Users\HP\.cache\firebase\emulators\ui-v1.14.0\client\apple-touch-icon.png
[debug] [2024-12-27T07:11:38.588Z] [unzip] Entry: client/android-chrome-512x512.png (compressed_size=5369 bytes, uncompressed_size=5411 bytes)
[debug] [2024-12-27T07:11:38.589Z] [unzip] Processing entry: client\android-chrome-512x512.png
[debug] [2024-12-27T07:11:38.590Z] [unzip] else mkdir: C:\Users\HP\.cache\firebase\emulators\ui-v1.14.0\client
[debug] [2024-12-27T07:11:38.594Z] [unzip] deflating: C:\Users\HP\.cache\firebase\emulators\ui-v1.14.0\client\android-chrome-512x512.png
[debug] [2024-12-27T07:11:38.620Z] [unzip] Entry: client/manifest.json (compressed_size=245 bytes, uncompressed_size=551 bytes)
[debug] [2024-12-27T07:11:38.620Z] [unzip] Processing entry: client\manifest.json
[debug] [2024-12-27T07:11:38.620Z] [unzip] else mkdir: C:\Users\HP\.cache\firebase\emulators\ui-v1.14.0\client
[debug] [2024-12-27T07:11:38.623Z] [unzip] deflating: C:\Users\HP\.cache\firebase\emulators\ui-v1.14.0\client\manifest.json
[debug] [2024-12-27T07:11:38.641Z] [unzip] Entry: client/robots.txt (compressed_size=26 bytes, uncompressed_size=26 bytes)
[debug] [2024-12-27T07:11:38.641Z] [unzip] Processing entry: client\robots.txt
[debug] [2024-12-27T07:11:38.642Z] [unzip] else mkdir: C:\Users\HP\.cache\firebase\emulators\ui-v1.14.0\client
[debug] [2024-12-27T07:11:38.643Z] [unzip] Writing file: C:\Users\HP\.cache\firebase\emulators\ui-v1.14.0\client\robots.txt
[debug] [2024-12-27T07:11:38.644Z] [unzip] Entry: client/mstile-150x150.png (compressed_size=2034 bytes, uncompressed_size=2034 bytes)
[debug] [2024-12-27T07:11:38.645Z] [unzip] Processing entry: client\mstile-150x150.png
[debug] [2024-12-27T07:11:38.645Z] [unzip] else mkdir: C:\Users\HP\.cache\firebase\emulators\ui-v1.14.0\client
[debug] [2024-12-27T07:11:38.647Z] [unzip] Writing file: C:\Users\HP\.cache\firebase\emulators\ui-v1.14.0\client\mstile-150x150.png
[debug] [2024-12-27T07:11:38.657Z] [unzip] Entry: client/assets/ (compressed_size=0 bytes, uncompressed_size=0 bytes)
[debug] [2024-12-27T07:11:38.657Z] [unzip] Processing entry: client\assets\
[debug] [2024-12-27T07:11:38.657Z] [unzip] mkdir: C:\Users\HP\.cache\firebase\emulators\ui-v1.14.0\client\assets\
[debug] [2024-12-27T07:11:38.658Z] [unzip] Entry: client/assets/index-ClZTY_JS.js.map (compressed_size=2328270 bytes, uncompressed_size=9947004 bytes)
[debug] [2024-12-27T07:11:38.658Z] [unzip] Processing entry: client\assets\index-ClZTY_JS.js.map
[debug] [2024-12-27T07:11:38.659Z] [unzip] else mkdir: C:\Users\HP\.cache\firebase\emulators\ui-v1.14.0\client\assets
[debug] [2024-12-27T07:11:38.659Z] [unzip] deflating: C:\Users\HP\.cache\firebase\emulators\ui-v1.14.0\client\assets\index-ClZTY_JS.js.map
[debug] [2024-12-27T07:11:38.823Z] [unzip] Entry: client/assets/index-ClZTY_JS.js (compressed_size=567195 bytes, uncompressed_size=2035940 bytes)
[debug] [2024-12-27T07:11:38.823Z] [unzip] Processing entry: client\assets\index-ClZTY_JS.js
[debug] [2024-12-27T07:11:38.823Z] [unzip] else mkdir: C:\Users\HP\.cache\firebase\emulators\ui-v1.14.0\client\assets
[debug] [2024-12-27T07:11:38.824Z] [unzip] deflating: C:\Users\HP\.cache\firebase\emulators\ui-v1.14.0\client\assets\index-ClZTY_JS.js
[debug] [2024-12-27T07:11:38.857Z] [unzip] Entry: client/assets/index-BdgySamB.css (compressed_size=35979 bytes, uncompressed_size=298654 bytes)
[debug] [2024-12-27T07:11:38.857Z] [unzip] Processing entry: client\assets\index-BdgySamB.css
[debug] [2024-12-27T07:11:38.857Z] [unzip] else mkdir: C:\Users\HP\.cache\firebase\emulators\ui-v1.14.0\client\assets
[debug] [2024-12-27T07:11:38.858Z] [unzip] deflating: C:\Users\HP\.cache\firebase\emulators\ui-v1.14.0\client\assets\index-BdgySamB.css
[debug] [2024-12-27T07:11:38.923Z] [unzip] Entry: client/assets/extensions/ (compressed_size=0 bytes, uncompressed_size=0 bytes)
[debug] [2024-12-27T07:11:38.924Z] [unzip] Processing entry: client\assets\extensions\
[debug] [2024-12-27T07:11:38.925Z] [unzip] mkdir: C:\Users\HP\.cache\firebase\emulators\ui-v1.14.0\client\assets\extensions\
[debug] [2024-12-27T07:11:38.927Z] [unzip] Entry: client/assets/extensions/default-extension.png (compressed_size=1646 bytes, uncompressed_size=1657 bytes)
[debug] [2024-12-27T07:11:38.928Z] [unzip] Processing entry: client\assets\extensions\default-extension.png
[debug] [2024-12-27T07:11:38.928Z] [unzip] else mkdir: C:\Users\HP\.cache\firebase\emulators\ui-v1.14.0\client\assets\extensions
[debug] [2024-12-27T07:11:38.929Z] [unzip] deflating: C:\Users\HP\.cache\firebase\emulators\ui-v1.14.0\client\assets\extensions\default-extension.png
[debug] [2024-12-27T07:11:38.941Z] [unzip] Entry: client/assets/img/ (compressed_size=0 bytes, uncompressed_size=0 bytes)
[debug] [2024-12-27T07:11:38.942Z] [unzip] Processing entry: client\assets\img\
[debug] [2024-12-27T07:11:38.942Z] [unzip] mkdir: C:\Users\HP\.cache\firebase\emulators\ui-v1.14.0\client\assets\img\
[debug] [2024-12-27T07:11:38.944Z] [unzip] Entry: client/assets/img/database.png (compressed_size=29449 bytes, uncompressed_size=29988 bytes)
[debug] [2024-12-27T07:11:38.944Z] [unzip] Processing entry: client\assets\img\database.png
[debug] [2024-12-27T07:11:38.945Z] [unzip] else mkdir: C:\Users\HP\.cache\firebase\emulators\ui-v1.14.0\client\assets\img
[debug] [2024-12-27T07:11:38.947Z] [unzip] deflating: C:\Users\HP\.cache\firebase\emulators\ui-v1.14.0\client\assets\img\database.png
[debug] [2024-12-27T07:11:38.962Z] [unzip] Entry: client/assets/provider-icons/ (compressed_size=0 bytes, uncompressed_size=0 bytes)
[debug] [2024-12-27T07:11:38.963Z] [unzip] Processing entry: client\assets\provider-icons\
[debug] [2024-12-27T07:11:38.963Z] [unzip] mkdir: C:\Users\HP\.cache\firebase\emulators\ui-v1.14.0\client\assets\provider-icons\
[debug] [2024-12-27T07:11:38.966Z] [unzip] Entry: client/assets/provider-icons/auth_service_saml.svg (compressed_size=575 bytes, uncompressed_size=1226 bytes)
[debug] [2024-12-27T07:11:38.967Z] [unzip] Processing entry: client\assets\provider-icons\auth_service_saml.svg
[debug] [2024-12-27T07:11:38.967Z] [unzip] else mkdir: C:\Users\HP\.cache\firebase\emulators\ui-v1.14.0\client\assets\provider-icons
[debug] [2024-12-27T07:11:38.971Z] [unzip] deflating: C:\Users\HP\.cache\firebase\emulators\ui-v1.14.0\client\assets\provider-icons\auth_service_saml.svg
[debug] [2024-12-27T07:11:38.989Z] [unzip] Entry: client/assets/provider-icons/auth_service_phone.svg (compressed_size=261 bytes, uncompressed_size=414 bytes)
[debug] [2024-12-27T07:11:38.990Z] [unzip] Processing entry: client\assets\provider-icons\auth_service_phone.svg
[debug] [2024-12-27T07:11:38.990Z] [unzip] else mkdir: C:\Users\HP\.cache\firebase\emulators\ui-v1.14.0\client\assets\provider-icons
[debug] [2024-12-27T07:11:38.996Z] [unzip] deflating: C:\Users\HP\.cache\firebase\emulators\ui-v1.14.0\client\assets\provider-icons\auth_service_phone.svg
[debug] [2024-12-27T07:11:39.010Z] [unzip] Entry: client/assets/provider-icons/auth_service_facebook.svg (compressed_size=289 bytes, uncompressed_size=457 bytes)
[debug] [2024-12-27T07:11:39.011Z] [unzip] Processing entry: client\assets\provider-icons\auth_service_facebook.svg
[debug] [2024-12-27T07:11:39.012Z] [unzip] else mkdir: C:\Users\HP\.cache\firebase\emulators\ui-v1.14.0\client\assets\provider-icons
[debug] [2024-12-27T07:11:39.016Z] [unzip] deflating: C:\Users\HP\.cache\firebase\emulators\ui-v1.14.0\client\assets\provider-icons\auth_service_facebook.svg
[debug] [2024-12-27T07:11:39.072Z] [unzip] Entry: client/assets/provider-icons/auth_service_game_center.svg (compressed_size=991 bytes, uncompressed_size=3921 bytes)
[debug] [2024-12-27T07:11:39.073Z] [unzip] Processing entry: client\assets\provider-icons\auth_service_game_center.svg
[debug] [2024-12-27T07:11:39.074Z] [unzip] else mkdir: C:\Users\HP\.cache\firebase\emulators\ui-v1.14.0\client\assets\provider-icons
[debug] [2024-12-27T07:11:39.075Z] [unzip] deflating: C:\Users\HP\.cache\firebase\emulators\ui-v1.14.0\client\assets\provider-icons\auth_service_game_center.svg
[debug] [2024-12-27T07:11:39.085Z] [unzip] Entry: client/assets/provider-icons/auth_service_apple.svg (compressed_size=230 bytes, uncompressed_size=334 bytes)
[debug] [2024-12-27T07:11:39.086Z] [unzip] Processing entry: client\assets\provider-icons\auth_service_apple.svg
[debug] [2024-12-27T07:11:39.086Z] [unzip] else mkdir: C:\Users\HP\.cache\firebase\emulators\ui-v1.14.0\client\assets\provider-icons
[debug] [2024-12-27T07:11:39.088Z] [unzip] deflating: C:\Users\HP\.cache\firebase\emulators\ui-v1.14.0\client\assets\provider-icons\auth_service_apple.svg
[debug] [2024-12-27T07:11:39.097Z] [unzip] Entry: client/assets/provider-icons/auth_service_github.svg (compressed_size=466 bytes, uncompressed_size=838 bytes)
[debug] [2024-12-27T07:11:39.098Z] [unzip] Processing entry: client\assets\provider-icons\auth_service_github.svg
[debug] [2024-12-27T07:11:39.099Z] [unzip] else mkdir: C:\Users\HP\.cache\firebase\emulators\ui-v1.14.0\client\assets\provider-icons
[debug] [2024-12-27T07:11:39.103Z] [unzip] deflating: C:\Users\HP\.cache\firebase\emulators\ui-v1.14.0\client\assets\provider-icons\auth_service_github.svg
[debug] [2024-12-27T07:11:39.108Z] [unzip] Entry: client/assets/provider-icons/auth_service_mslive.svg (compressed_size=203 bytes, uncompressed_size=378 bytes)
[debug] [2024-12-27T07:11:39.109Z] [unzip] Processing entry: client\assets\provider-icons\auth_service_mslive.svg
[debug] [2024-12-27T07:11:39.110Z] [unzip] else mkdir: C:\Users\HP\.cache\firebase\emulators\ui-v1.14.0\client\assets\provider-icons
[debug] [2024-12-27T07:11:39.111Z] [unzip] deflating: C:\Users\HP\.cache\firebase\emulators\ui-v1.14.0\client\assets\provider-icons\auth_service_mslive.svg
[debug] [2024-12-27T07:11:39.123Z] [unzip] Entry: client/assets/provider-icons/auth_service_yahoo.svg (compressed_size=577 bytes, uncompressed_size=1182 bytes)
[debug] [2024-12-27T07:11:39.124Z] [unzip] Processing entry: client\assets\provider-icons\auth_service_yahoo.svg
[debug] [2024-12-27T07:11:39.124Z] [unzip] else mkdir: C:\Users\HP\.cache\firebase\emulators\ui-v1.14.0\client\assets\provider-icons
[debug] [2024-12-27T07:11:39.126Z] [unzip] deflating: C:\Users\HP\.cache\firebase\emulators\ui-v1.14.0\client\assets\provider-icons\auth_service_yahoo.svg
[debug] [2024-12-27T07:11:39.139Z] [unzip] Entry: client/assets/provider-icons/auth_service_twitter.svg (compressed_size=444 bytes, uncompressed_size=751 bytes)
[debug] [2024-12-27T07:11:39.140Z] [unzip] Processing entry: client\assets\provider-icons\auth_service_twitter.svg
[debug] [2024-12-27T07:11:39.140Z] [unzip] else mkdir: C:\Users\HP\.cache\firebase\emulators\ui-v1.14.0\client\assets\provider-icons
[debug] [2024-12-27T07:11:39.142Z] [unzip] deflating: C:\Users\HP\.cache\firebase\emulators\ui-v1.14.0\client\assets\provider-icons\auth_service_twitter.svg
[debug] [2024-12-27T07:11:39.147Z] [unzip] Entry: client/assets/provider-icons/auth_service_play_games.svg (compressed_size=565 bytes, uncompressed_size=1173 bytes)
[debug] [2024-12-27T07:11:39.148Z] [unzip] Processing entry: client\assets\provider-icons\auth_service_play_games.svg
[debug] [2024-12-27T07:11:39.148Z] [unzip] else mkdir: C:\Users\HP\.cache\firebase\emulators\ui-v1.14.0\client\assets\provider-icons
[debug] [2024-12-27T07:11:39.149Z] [unzip] deflating: C:\Users\HP\.cache\firebase\emulators\ui-v1.14.0\client\assets\provider-icons\auth_service_play_games.svg
[debug] [2024-12-27T07:11:39.155Z] [unzip] Entry: client/assets/provider-icons/auth_service_email.svg (compressed_size=228 bytes, uncompressed_size=326 bytes)
[debug] [2024-12-27T07:11:39.155Z] [unzip] Processing entry: client\assets\provider-icons\auth_service_email.svg
[debug] [2024-12-27T07:11:39.155Z] [unzip] else mkdir: C:\Users\HP\.cache\firebase\emulators\ui-v1.14.0\client\assets\provider-icons
[debug] [2024-12-27T07:11:39.156Z] [unzip] deflating: C:\Users\HP\.cache\firebase\emulators\ui-v1.14.0\client\assets\provider-icons\auth_service_email.svg
[debug] [2024-12-27T07:11:39.159Z] [unzip] Entry: client/assets/provider-icons/auth_service_google.svg (compressed_size=409 bytes, uncompressed_size=720 bytes)
[debug] [2024-12-27T07:11:39.160Z] [unzip] Processing entry: client\assets\provider-icons\auth_service_google.svg
[debug] [2024-12-27T07:11:39.160Z] [unzip] else mkdir: C:\Users\HP\.cache\firebase\emulators\ui-v1.14.0\client\assets\provider-icons
[debug] [2024-12-27T07:11:39.161Z] [unzip] deflating: C:\Users\HP\.cache\firebase\emulators\ui-v1.14.0\client\assets\provider-icons\auth_service_google.svg
[debug] [2024-12-27T07:11:39.168Z] [unzip] Entry: client/assets/provider-icons/auth_service_oidc.svg (compressed_size=414 bytes, uncompressed_size=858 bytes)
[debug] [2024-12-27T07:11:39.169Z] [unzip] Processing entry: client\assets\provider-icons\auth_service_oidc.svg
[debug] [2024-12-27T07:11:39.169Z] [unzip] else mkdir: C:\Users\HP\.cache\firebase\emulators\ui-v1.14.0\client\assets\provider-icons
[debug] [2024-12-27T07:11:39.170Z] [unzip] deflating: C:\Users\HP\.cache\firebase\emulators\ui-v1.14.0\client\assets\provider-icons\auth_service_oidc.svg
[debug] [2024-12-27T07:11:39.172Z] [unzip] Entry: client/browserconfig.xml (compressed_size=491 bytes, uncompressed_size=822 bytes)
[debug] [2024-12-27T07:11:39.172Z] [unzip] Processing entry: client\browserconfig.xml
[debug] [2024-12-27T07:11:39.172Z] [unzip] else mkdir: C:\Users\HP\.cache\firebase\emulators\ui-v1.14.0\client
[debug] [2024-12-27T07:11:39.172Z] [unzip] deflating: C:\Users\HP\.cache\firebase\emulators\ui-v1.14.0\client\browserconfig.xml
[debug] [2024-12-27T07:11:39.174Z] [unzip] Entry: client/favicon-32x32.png (compressed_size=475 bytes, uncompressed_size=475 bytes)
[debug] [2024-12-27T07:11:39.175Z] [unzip] Processing entry: client\favicon-32x32.png
[debug] [2024-12-27T07:11:39.175Z] [unzip] else mkdir: C:\Users\HP\.cache\firebase\emulators\ui-v1.14.0\client
[debug] [2024-12-27T07:11:39.175Z] [unzip] Writing file: C:\Users\HP\.cache\firebase\emulators\ui-v1.14.0\client\favicon-32x32.png
[debug] [2024-12-27T07:11:39.188Z] [unzip] Entry: server/ (compressed_size=0 bytes, uncompressed_size=0 bytes)
[debug] [2024-12-27T07:11:39.188Z] [unzip] Processing entry: server\
[debug] [2024-12-27T07:11:39.188Z] [unzip] mkdir: C:\Users\HP\.cache\firebase\emulators\ui-v1.14.0\server\
[debug] [2024-12-27T07:11:39.189Z] [unzip] Entry: server/server.mjs.map (compressed_size=296496 bytes, uncompressed_size=1355667 bytes)
[debug] [2024-12-27T07:11:39.190Z] [unzip] Processing entry: server\server.mjs.map
[debug] [2024-12-27T07:11:39.190Z] [unzip] else mkdir: C:\Users\HP\.cache\firebase\emulators\ui-v1.14.0\server
[debug] [2024-12-27T07:11:39.191Z] [unzip] deflating: C:\Users\HP\.cache\firebase\emulators\ui-v1.14.0\server\server.mjs.map
[debug] [2024-12-27T07:11:39.213Z] [unzip] Entry: server/server.mjs (compressed_size=315701 bytes, uncompressed_size=1172682 bytes)
[debug] [2024-12-27T07:11:39.213Z] [unzip] Processing entry: server\server.mjs
[debug] [2024-12-27T07:11:39.213Z] [unzip] else mkdir: C:\Users\HP\.cache\firebase\emulators\ui-v1.14.0\server
[debug] [2024-12-27T07:11:39.213Z] [unzip] deflating: C:\Users\HP\.cache\firebase\emulators\ui-v1.14.0\server\server.mjs
[debug] [2024-12-27T07:11:39.233Z] [unzip] Entry: server/assets/ (compressed_size=0 bytes, uncompressed_size=0 bytes)
[debug] [2024-12-27T07:11:39.234Z] [unzip] Processing entry: server\assets\
[debug] [2024-12-27T07:11:39.234Z] [unzip] mkdir: C:\Users\HP\.cache\firebase\emulators\ui-v1.14.0\server\assets\
[debug] [2024-12-27T07:11:39.235Z] [unzip] Entry: server/assets/multipart-parser-DGCUZdXu.mjs.map (compressed_size=4791 bytes, uncompressed_size=17918 bytes)
[debug] [2024-12-27T07:11:39.235Z] [unzip] Processing entry: server\assets\multipart-parser-DGCUZdXu.mjs.map
[debug] [2024-12-27T07:11:39.235Z] [unzip] else mkdir: C:\Users\HP\.cache\firebase\emulators\ui-v1.14.0\server\assets
[debug] [2024-12-27T07:11:39.236Z] [unzip] deflating: C:\Users\HP\.cache\firebase\emulators\ui-v1.14.0\server\assets\multipart-parser-DGCUZdXu.mjs.map
[debug] [2024-12-27T07:11:39.238Z] [unzip] Entry: server/assets/multipart-parser-DGCUZdXu.mjs (compressed_size=2621 bytes, uncompressed_size=10390 bytes)
[debug] [2024-12-27T07:11:39.238Z] [unzip] Processing entry: server\assets\multipart-parser-DGCUZdXu.mjs
[debug] [2024-12-27T07:11:39.239Z] [unzip] else mkdir: C:\Users\HP\.cache\firebase\emulators\ui-v1.14.0\server\assets
[debug] [2024-12-27T07:11:39.239Z] [unzip] deflating: C:\Users\HP\.cache\firebase\emulators\ui-v1.14.0\server\assets\multipart-parser-DGCUZdXu.mjs
[debug] [2024-12-27T07:11:39.262Z] Could not find VSCode notification endpoint: FetchError: request to http://localhost:40001/vscode/notify failed, reason: . If you are not running the Firebase Data Connect VSCode extension, this is expected and not an issue.
[info] 
┌─────────────────────────────────────────────────────────────┐
│ ✔  All emulators ready! It is now safe to connect your app. │
│ i  View Emulator UI at http://127.0.0.1:3003/               │
└─────────────────────────────────────────────────────────────┘

┌────────────────┬────────────────┬────────────────────────────┐
│ Emulator       │ Host:Port      │ View in Emulator UI        │
├────────────────┼────────────────┼────────────────────────────┤
│ Authentication │ 127.0.0.1:9099 │ http://127.0.0.1:3003/auth │
└────────────────┴────────────────┴────────────────────────────┘
  Emulator Hub running at 127.0.0.1:4400
  Other reserved ports: 4500

Issues? Report them at https://github.com/firebase/firebase-tools/issues and attach the *-debug.log files.
 
